{"level":"info","message":"Server listen on port 8080","timestamp":"2022-03-09T03:46:20.304Z"}
{"level":"info","message":"A connection to MongoDB has been established.","timestamp":"2022-03-09T03:46:21.822Z"}
{"level":"info","message":"Categories has been initialized successfuly.","timestamp":"2022-03-09T03:46:24.932Z"}
{"level":"info","message":"Server listen on port 8080","timestamp":"2022-03-09T03:50:38.142Z"}
{"level":"info","message":"A connection to MongoDB has been established.","timestamp":"2022-03-09T03:50:39.776Z"}
{"level":"info","message":"Categories has been initialized successfuly.","timestamp":"2022-03-09T03:50:42.878Z"}
{"level":"info","message":"Products has been initialized successfuly.","timestamp":"2022-03-09T03:50:43.455Z"}
{"level":"info","message":"Roles has been initialized successfuly.","timestamp":"2022-03-09T03:50:43.749Z"}
{"level":"info","message":"Users has been initialized successfuly.","timestamp":"2022-03-09T03:50:44.091Z"}
{"level":"info","message":"Server listen on port 8080","timestamp":"2022-03-09T03:53:56.571Z"}
{"level":"info","message":"A connection to MongoDB has been established.","timestamp":"2022-03-09T03:53:58.070Z"}
{"level":"info","message":"Server listen on port 8080","timestamp":"2022-03-09T03:54:55.649Z"}
{"level":"info","message":"A connection to MongoDB has been established.","timestamp":"2022-03-09T03:54:57.069Z"}
{"level":"info","message":"Server listen on port 8080","timestamp":"2022-03-10T21:15:37.166Z"}
{"level":"info","message":"A connection to MongoDB has been established.","timestamp":"2022-03-10T21:15:42.399Z"}
{"level":"info","message":"Server listen on port 8080","timestamp":"2022-03-10T21:38:21.564Z"}
{"level":"info","message":"A connection to MongoDB has been established.","timestamp":"2022-03-10T21:38:23.031Z"}
{"level":"info","message":"Server listen on port 8080","timestamp":"2022-03-10T21:43:06.484Z"}
{"level":"info","message":"A connection to MongoDB has been established.","timestamp":"2022-03-10T21:43:07.990Z"}
{"level":"info","message":"Categories has been initialized successfuly.","timestamp":"2022-03-10T21:43:11.099Z"}
{"level":"info","message":"Products has been initialized successfuly.","timestamp":"2022-03-10T21:43:11.979Z"}
{"level":"info","message":"Roles has been initialized successfuly.","timestamp":"2022-03-10T21:43:12.278Z"}
{"level":"info","message":"Users has been initialized successfuly.","timestamp":"2022-03-10T21:43:12.633Z"}
